<?xml version="1.0" encoding="UTF-8"?>
<testsuite name="sayQueryBalance" tests="1" skipped="0" failures="0" errors="0" timestamp="2017-01-03T11:21:04" hostname="LAPTOP-FBRGUP1I" time="64.744">
  <properties/>
  <testcase name="testSayQueryBalance" classname="sayQueryBalance" time="64.744"/>
  <system-out><![CDATA[]]></system-out>
  <system-err><![CDATA[Started InternetExplorerDriver server (32-bit)
2.53.1.0
Listening on port 45627
Only local connections are allowed
]]></system-err>
</testsuite>
