<?xml version="1.0" encoding="UTF-8"?>
<testsuite name="sayPay" tests="1" skipped="0" failures="0" errors="0" timestamp="2017-01-03T11:19:49" hostname="LAPTOP-FBRGUP1I" time="75.122">
  <properties/>
  <testcase name="testSayPay" classname="sayPay" time="75.122"/>
  <system-out><![CDATA[]]></system-out>
  <system-err><![CDATA[Started InternetExplorerDriver server (32-bit)
2.53.1.0
Listening on port 24574
Only local connections are allowed
]]></system-err>
</testsuite>
